<?xml version="1.0" encoding="UTF-8"?>
<ns2:test-suite xmlns:ns2="urn:model.allure.qatools.yandex.ru" start="1467965987665" stop="1467965990639">
	<name>Test user registration page</name>
	<title>Test user registration page</title>
	<test-cases>
		<test-case start="1467965987666" stop="1467965989009" status="failed">
			<name>Success creating</name>
			<title>Success creating</title>
			<description></description>
			<labels>
			</labels>
			<parameters>
			</parameters>
			<steps>
			</steps>
			<attachments>
			</attachments>
			<failure>
				<message>Expected 2 to be 3.</message>
				<stack-trace>Error: Failed expectation
    at /Users/aleksandrmedvedev/Desktop/e2e/test/protractor/specs/userForm.spec.js:34:38
    at Promise.invokeCallback_ (/Users/aleksandrmedvedev/node_modules/selenium-webdriver/lib/promise.js:1329:14)
    at TaskQueue.execute_ (/Users/aleksandrmedvedev/node_modules/selenium-webdriver/lib/promise.js:2790:14)
    at TaskQueue.executeNext_ (/Users/aleksandrmedvedev/node_modules/selenium-webdriver/lib/promise.js:2773:21)
    at asyncRun (/Users/aleksandrmedvedev/node_modules/selenium-webdriver/lib/promise.js:2652:27)
    at /Users/aleksandrmedvedev/node_modules/selenium-webdriver/lib/promise.js:639:7
    at process._tickCallback (internal/process/next_tick.js:103:7)</stack-trace>
			</failure>
		</test-case>
		<test-case start="1467965989012" stop="1467965989437" status="failed">
			<name>Success not creating</name>
			<title>Success not creating</title>
			<description></description>
			<labels>
			</labels>
			<parameters>
			</parameters>
			<steps>
			</steps>
			<attachments>
			</attachments>
			<failure>
				<message>Failed: Cannot read property &apos;getAttribute&apos; of undefined</message>
				<stack-trace>TypeError: Cannot read property &apos;getAttribute&apos; of undefined
    at that.isBtnSubmitDisabled (/Users/aleksandrmedvedev/Desktop/e2e/test/protractor/pages/process.js:60:27)
    at Object.&lt;anonymous&gt; (/Users/aleksandrmedvedev/Desktop/e2e/test/protractor/specs/userForm.spec.js:41:16)
    at /Users/aleksandrmedvedev/node_modules/jasminewd2/index.js:96:23
    at new Promise (/Users/aleksandrmedvedev/node_modules/selenium-webdriver/lib/promise.js:1043:7)
    at controlFlowExecute (/Users/aleksandrmedvedev/node_modules/jasminewd2/index.js:82:18)
    at TaskQueue.execute_ (/Users/aleksandrmedvedev/node_modules/selenium-webdriver/lib/promise.js:2790:14)
    at TaskQueue.executeNext_ (/Users/aleksandrmedvedev/node_modules/selenium-webdriver/lib/promise.js:2773:21)
    at asyncRun (/Users/aleksandrmedvedev/node_modules/selenium-webdriver/lib/promise.js:2697:25)
    at /Users/aleksandrmedvedev/node_modules/selenium-webdriver/lib/promise.js:639:7
    at process._tickCallback (internal/process/next_tick.js:103:7)
From: Task: Run it(&quot;Success not creating&quot;) in control flow
    at Object.&lt;anonymous&gt; (/Users/aleksandrmedvedev/node_modules/jasminewd2/index.js:81:14)
    at attemptAsync (/Users/aleksandrmedvedev/node_modules/jasmine-core/lib/jasmine-core/jasmine.js:1916:24)
    at QueueRunner.run (/Users/aleksandrmedvedev/node_modules/jasmine-core/lib/jasmine-core/jasmine.js:1871:9)
    at /Users/aleksandrmedvedev/node_modules/jasmine-core/lib/jasmine-core/jasmine.js:1898:16
    at /Users/aleksandrmedvedev/node_modules/jasmine-core/lib/jasmine-core/jasmine.js:1842:9
    at /Users/aleksandrmedvedev/node_modules/jasminewd2/index.js:18:5
    at Promise.invokeCallback_ (/Users/aleksandrmedvedev/node_modules/selenium-webdriver/lib/promise.js:1329:14)
    at TaskQueue.execute_ (/Users/aleksandrmedvedev/node_modules/selenium-webdriver/lib/promise.js:2790:14)
    at TaskQueue.executeNext_ (/Users/aleksandrmedvedev/node_modules/selenium-webdriver/lib/promise.js:2773:21)
    at asyncRun (/Users/aleksandrmedvedev/node_modules/selenium-webdriver/lib/promise.js:2652:27)
From asynchronous test: 
Error
    at Suite.&lt;anonymous&gt; (/Users/aleksandrmedvedev/Desktop/e2e/test/protractor/specs/userForm.spec.js:39:5)
    at addSpecsToSuite (/Users/aleksandrmedvedev/node_modules/jasmine-core/lib/jasmine-core/jasmine.js:833:25)
    at Env.describe (/Users/aleksandrmedvedev/node_modules/jasmine-core/lib/jasmine-core/jasmine.js:802:7)
    at jasmineInterface.describe (/Users/aleksandrmedvedev/node_modules/jasmine-core/lib/jasmine-core/jasmine.js:3375:18)
    at Object.&lt;anonymous&gt; (/Users/aleksandrmedvedev/Desktop/e2e/test/protractor/specs/userForm.spec.js:11:1)
    at Module._compile (module.js:541:32)
    at Object.Module._extensions..js (module.js:550:10)
    at Module.load (module.js:456:32)
    at tryModuleLoad (module.js:415:12)</stack-trace>
			</failure>
		</test-case>
		<test-case start="1467965989439" stop="1467965989869" status="failed">
			<name>Success delete</name>
			<title>Success delete</title>
			<description></description>
			<labels>
			</labels>
			<parameters>
			</parameters>
			<steps>
			</steps>
			<attachments>
			</attachments>
			<failure>
				<message>Failed: Cannot read property &apos;click&apos; of undefined</message>
				<stack-trace>TypeError: Cannot read property &apos;click&apos; of undefined
    at that.removeUser (/Users/aleksandrmedvedev/Desktop/e2e/test/protractor/pages/process.js:54:20)
    at /Users/aleksandrmedvedev/Desktop/e2e/test/protractor/specs/userForm.spec.js:49:20
    at Promise.invokeCallback_ (/Users/aleksandrmedvedev/node_modules/selenium-webdriver/lib/promise.js:1329:14)
    at TaskQueue.execute_ (/Users/aleksandrmedvedev/node_modules/selenium-webdriver/lib/promise.js:2790:14)
    at TaskQueue.executeNext_ (/Users/aleksandrmedvedev/node_modules/selenium-webdriver/lib/promise.js:2773:21)
    at asyncRun (/Users/aleksandrmedvedev/node_modules/selenium-webdriver/lib/promise.js:2652:27)
    at /Users/aleksandrmedvedev/node_modules/selenium-webdriver/lib/promise.js:639:7
    at process._tickCallback (internal/process/next_tick.js:103:7)
From: Task: Run it(&quot;Success delete&quot;) in control flow
    at Object.&lt;anonymous&gt; (/Users/aleksandrmedvedev/node_modules/jasminewd2/index.js:81:14)
    at attemptAsync (/Users/aleksandrmedvedev/node_modules/jasmine-core/lib/jasmine-core/jasmine.js:1916:24)
    at QueueRunner.run (/Users/aleksandrmedvedev/node_modules/jasmine-core/lib/jasmine-core/jasmine.js:1871:9)
    at /Users/aleksandrmedvedev/node_modules/jasmine-core/lib/jasmine-core/jasmine.js:1898:16
    at /Users/aleksandrmedvedev/node_modules/jasmine-core/lib/jasmine-core/jasmine.js:1842:9
    at /Users/aleksandrmedvedev/node_modules/jasminewd2/index.js:18:5
    at Promise.invokeCallback_ (/Users/aleksandrmedvedev/node_modules/selenium-webdriver/lib/promise.js:1329:14)
    at TaskQueue.execute_ (/Users/aleksandrmedvedev/node_modules/selenium-webdriver/lib/promise.js:2790:14)
    at TaskQueue.executeNext_ (/Users/aleksandrmedvedev/node_modules/selenium-webdriver/lib/promise.js:2773:21)
    at asyncRun (/Users/aleksandrmedvedev/node_modules/selenium-webdriver/lib/promise.js:2652:27)
From asynchronous test: 
Error
    at Suite.&lt;anonymous&gt; (/Users/aleksandrmedvedev/Desktop/e2e/test/protractor/specs/userForm.spec.js:46:5)
    at addSpecsToSuite (/Users/aleksandrmedvedev/node_modules/jasmine-core/lib/jasmine-core/jasmine.js:833:25)
    at Env.describe (/Users/aleksandrmedvedev/node_modules/jasmine-core/lib/jasmine-core/jasmine.js:802:7)
    at jasmineInterface.describe (/Users/aleksandrmedvedev/node_modules/jasmine-core/lib/jasmine-core/jasmine.js:3375:18)
    at Object.&lt;anonymous&gt; (/Users/aleksandrmedvedev/Desktop/e2e/test/protractor/specs/userForm.spec.js:11:1)
    at Module._compile (module.js:541:32)
    at Object.Module._extensions..js (module.js:550:10)
    at Module.load (module.js:456:32)
    at tryModuleLoad (module.js:415:12)</stack-trace>
			</failure>
		</test-case>
		<test-case start="1467965989869" stop="1467965990120" status="failed">
			<name>Success edit</name>
			<title>Success edit</title>
			<description></description>
			<labels>
			</labels>
			<parameters>
			</parameters>
			<steps>
			</steps>
			<attachments>
			</attachments>
			<failure>
				<message>Failed: Cannot read property &apos;click&apos; of undefined</message>
				<stack-trace>TypeError: Cannot read property &apos;click&apos; of undefined
    at that.editAndSubmitUserForm (/Users/aleksandrmedvedev/Desktop/e2e/test/protractor/pages/process.js:40:18)
    at Object.&lt;anonymous&gt; (/Users/aleksandrmedvedev/Desktop/e2e/test/protractor/specs/userForm.spec.js:62:23)
    at /Users/aleksandrmedvedev/node_modules/jasminewd2/index.js:96:23
    at new Promise (/Users/aleksandrmedvedev/node_modules/selenium-webdriver/lib/promise.js:1043:7)
    at controlFlowExecute (/Users/aleksandrmedvedev/node_modules/jasminewd2/index.js:82:18)
    at TaskQueue.execute_ (/Users/aleksandrmedvedev/node_modules/selenium-webdriver/lib/promise.js:2790:14)
    at TaskQueue.executeNext_ (/Users/aleksandrmedvedev/node_modules/selenium-webdriver/lib/promise.js:2773:21)
    at asyncRun (/Users/aleksandrmedvedev/node_modules/selenium-webdriver/lib/promise.js:2697:25)
    at /Users/aleksandrmedvedev/node_modules/selenium-webdriver/lib/promise.js:639:7
    at process._tickCallback (internal/process/next_tick.js:103:7)
From: Task: Run it(&quot;Success edit&quot;) in control flow
    at Object.&lt;anonymous&gt; (/Users/aleksandrmedvedev/node_modules/jasminewd2/index.js:81:14)
    at attemptAsync (/Users/aleksandrmedvedev/node_modules/jasmine-core/lib/jasmine-core/jasmine.js:1916:24)
    at QueueRunner.run (/Users/aleksandrmedvedev/node_modules/jasmine-core/lib/jasmine-core/jasmine.js:1871:9)
    at /Users/aleksandrmedvedev/node_modules/jasmine-core/lib/jasmine-core/jasmine.js:1898:16
    at /Users/aleksandrmedvedev/node_modules/jasmine-core/lib/jasmine-core/jasmine.js:1842:9
    at /Users/aleksandrmedvedev/node_modules/jasminewd2/index.js:18:5
    at Promise.invokeCallback_ (/Users/aleksandrmedvedev/node_modules/selenium-webdriver/lib/promise.js:1329:14)
    at TaskQueue.execute_ (/Users/aleksandrmedvedev/node_modules/selenium-webdriver/lib/promise.js:2790:14)
    at TaskQueue.executeNext_ (/Users/aleksandrmedvedev/node_modules/selenium-webdriver/lib/promise.js:2773:21)
    at asyncRun (/Users/aleksandrmedvedev/node_modules/selenium-webdriver/lib/promise.js:2652:27)
From asynchronous test: 
Error
    at Suite.&lt;anonymous&gt; (/Users/aleksandrmedvedev/Desktop/e2e/test/protractor/specs/userForm.spec.js:60:5)
    at addSpecsToSuite (/Users/aleksandrmedvedev/node_modules/jasmine-core/lib/jasmine-core/jasmine.js:833:25)
    at Env.describe (/Users/aleksandrmedvedev/node_modules/jasmine-core/lib/jasmine-core/jasmine.js:802:7)
    at jasmineInterface.describe (/Users/aleksandrmedvedev/node_modules/jasmine-core/lib/jasmine-core/jasmine.js:3375:18)
    at Object.&lt;anonymous&gt; (/Users/aleksandrmedvedev/Desktop/e2e/test/protractor/specs/userForm.spec.js:11:1)
    at Module._compile (module.js:541:32)
    at Object.Module._extensions..js (module.js:550:10)
    at Module.load (module.js:456:32)
    at tryModuleLoad (module.js:415:12)</stack-trace>
			</failure>
		</test-case>
		<test-case start="1467965990120" stop="1467965990314" status="failed">
			<name>Show remove window</name>
			<title>Show remove window</title>
			<description></description>
			<labels>
			</labels>
			<parameters>
			</parameters>
			<steps>
			</steps>
			<attachments>
			</attachments>
			<failure>
				<message>Failed: proces.removeWindowIsShow is not a function</message>
				<stack-trace>TypeError: proces.removeWindowIsShow is not a function
    at Object.&lt;anonymous&gt; (/Users/aleksandrmedvedev/Desktop/e2e/test/protractor/specs/userForm.spec.js:66:23)
    at /Users/aleksandrmedvedev/node_modules/jasminewd2/index.js:96:23
    at new Promise (/Users/aleksandrmedvedev/node_modules/selenium-webdriver/lib/promise.js:1043:7)
    at controlFlowExecute (/Users/aleksandrmedvedev/node_modules/jasminewd2/index.js:82:18)
    at TaskQueue.execute_ (/Users/aleksandrmedvedev/node_modules/selenium-webdriver/lib/promise.js:2790:14)
    at TaskQueue.executeNext_ (/Users/aleksandrmedvedev/node_modules/selenium-webdriver/lib/promise.js:2773:21)
    at asyncRun (/Users/aleksandrmedvedev/node_modules/selenium-webdriver/lib/promise.js:2697:25)
    at /Users/aleksandrmedvedev/node_modules/selenium-webdriver/lib/promise.js:639:7
    at process._tickCallback (internal/process/next_tick.js:103:7)
From: Task: Run it(&quot;Show remove window&quot;) in control flow
    at Object.&lt;anonymous&gt; (/Users/aleksandrmedvedev/node_modules/jasminewd2/index.js:81:14)
    at attemptAsync (/Users/aleksandrmedvedev/node_modules/jasmine-core/lib/jasmine-core/jasmine.js:1916:24)
    at QueueRunner.run (/Users/aleksandrmedvedev/node_modules/jasmine-core/lib/jasmine-core/jasmine.js:1871:9)
    at /Users/aleksandrmedvedev/node_modules/jasmine-core/lib/jasmine-core/jasmine.js:1898:16
    at /Users/aleksandrmedvedev/node_modules/jasmine-core/lib/jasmine-core/jasmine.js:1842:9
    at /Users/aleksandrmedvedev/node_modules/jasminewd2/index.js:18:5
    at Promise.invokeCallback_ (/Users/aleksandrmedvedev/node_modules/selenium-webdriver/lib/promise.js:1329:14)
    at TaskQueue.execute_ (/Users/aleksandrmedvedev/node_modules/selenium-webdriver/lib/promise.js:2790:14)
    at TaskQueue.executeNext_ (/Users/aleksandrmedvedev/node_modules/selenium-webdriver/lib/promise.js:2773:21)
    at asyncRun (/Users/aleksandrmedvedev/node_modules/selenium-webdriver/lib/promise.js:2652:27)
From asynchronous test: 
Error
    at Suite.&lt;anonymous&gt; (/Users/aleksandrmedvedev/Desktop/e2e/test/protractor/specs/userForm.spec.js:65:5)
    at addSpecsToSuite (/Users/aleksandrmedvedev/node_modules/jasmine-core/lib/jasmine-core/jasmine.js:833:25)
    at Env.describe (/Users/aleksandrmedvedev/node_modules/jasmine-core/lib/jasmine-core/jasmine.js:802:7)
    at jasmineInterface.describe (/Users/aleksandrmedvedev/node_modules/jasmine-core/lib/jasmine-core/jasmine.js:3375:18)
    at Object.&lt;anonymous&gt; (/Users/aleksandrmedvedev/Desktop/e2e/test/protractor/specs/userForm.spec.js:11:1)
    at Module._compile (module.js:541:32)
    at Object.Module._extensions..js (module.js:550:10)
    at Module.load (module.js:456:32)
    at tryModuleLoad (module.js:415:12)</stack-trace>
			</failure>
		</test-case>
		<test-case start="1467965990315" stop="1467965990638" status="failed">
			<name>Close remove window</name>
			<title>Close remove window</title>
			<description></description>
			<labels>
			</labels>
			<parameters>
			</parameters>
			<steps>
			</steps>
			<attachments>
			</attachments>
			<failure>
				<message>Failed: that.removeButtonClick is not a function</message>
				<stack-trace>TypeError: that.removeButtonClick is not a function
    at that.removeWindowIsClose (/Users/aleksandrmedvedev/Desktop/e2e/test/protractor/pages/process.js:48:14)
    at Object.&lt;anonymous&gt; (/Users/aleksandrmedvedev/Desktop/e2e/test/protractor/specs/userForm.spec.js:70:23)
    at /Users/aleksandrmedvedev/node_modules/jasminewd2/index.js:96:23
    at new Promise (/Users/aleksandrmedvedev/node_modules/selenium-webdriver/lib/promise.js:1043:7)
    at controlFlowExecute (/Users/aleksandrmedvedev/node_modules/jasminewd2/index.js:82:18)
    at TaskQueue.execute_ (/Users/aleksandrmedvedev/node_modules/selenium-webdriver/lib/promise.js:2790:14)
    at TaskQueue.executeNext_ (/Users/aleksandrmedvedev/node_modules/selenium-webdriver/lib/promise.js:2773:21)
    at asyncRun (/Users/aleksandrmedvedev/node_modules/selenium-webdriver/lib/promise.js:2697:25)
    at /Users/aleksandrmedvedev/node_modules/selenium-webdriver/lib/promise.js:639:7
    at process._tickCallback (internal/process/next_tick.js:103:7)
From: Task: Run it(&quot;Close remove window&quot;) in control flow
    at Object.&lt;anonymous&gt; (/Users/aleksandrmedvedev/node_modules/jasminewd2/index.js:81:14)
    at attemptAsync (/Users/aleksandrmedvedev/node_modules/jasmine-core/lib/jasmine-core/jasmine.js:1916:24)
    at QueueRunner.run (/Users/aleksandrmedvedev/node_modules/jasmine-core/lib/jasmine-core/jasmine.js:1871:9)
    at /Users/aleksandrmedvedev/node_modules/jasmine-core/lib/jasmine-core/jasmine.js:1898:16
    at /Users/aleksandrmedvedev/node_modules/jasmine-core/lib/jasmine-core/jasmine.js:1842:9
    at /Users/aleksandrmedvedev/node_modules/jasminewd2/index.js:18:5
    at Promise.invokeCallback_ (/Users/aleksandrmedvedev/node_modules/selenium-webdriver/lib/promise.js:1329:14)
    at TaskQueue.execute_ (/Users/aleksandrmedvedev/node_modules/selenium-webdriver/lib/promise.js:2790:14)
    at TaskQueue.executeNext_ (/Users/aleksandrmedvedev/node_modules/selenium-webdriver/lib/promise.js:2773:21)
    at asyncRun (/Users/aleksandrmedvedev/node_modules/selenium-webdriver/lib/promise.js:2652:27)
From asynchronous test: 
Error
    at Suite.&lt;anonymous&gt; (/Users/aleksandrmedvedev/Desktop/e2e/test/protractor/specs/userForm.spec.js:69:5)
    at addSpecsToSuite (/Users/aleksandrmedvedev/node_modules/jasmine-core/lib/jasmine-core/jasmine.js:833:25)
    at Env.describe (/Users/aleksandrmedvedev/node_modules/jasmine-core/lib/jasmine-core/jasmine.js:802:7)
    at jasmineInterface.describe (/Users/aleksandrmedvedev/node_modules/jasmine-core/lib/jasmine-core/jasmine.js:3375:18)
    at Object.&lt;anonymous&gt; (/Users/aleksandrmedvedev/Desktop/e2e/test/protractor/specs/userForm.spec.js:11:1)
    at Module._compile (module.js:541:32)
    at Object.Module._extensions..js (module.js:550:10)
    at Module.load (module.js:456:32)
    at tryModuleLoad (module.js:415:12)</stack-trace>
			</failure>
		</test-case>
	</test-cases>
</ns2:test-suite>