<?xml version="1.0" encoding="UTF-8"?>
<ns2:test-suite xmlns:ns2="urn:model.allure.qatools.yandex.ru" start="1472975265263" stop="1472975269610">
	<name>Test user registration page</name>
	<title>Test user registration page</title>
	<test-cases>
		<test-case start="1472975265264" stop="1472975266858" status="passed">
			<name>Success creating</name>
			<title>Success creating</title>
			<description></description>
			<labels>
			</labels>
			<parameters>
			</parameters>
			<steps>
			</steps>
			<attachments>
			</attachments>
		</test-case>
		<test-case start="1472975266860" stop="1472975267719" status="passed">
			<name>Success not creating</name>
			<title>Success not creating</title>
			<description></description>
			<labels>
			</labels>
			<parameters>
			</parameters>
			<steps>
			</steps>
			<attachments>
			</attachments>
		</test-case>
		<test-case start="1472975267720" stop="1472975268377" status="failed">
			<name>Success delete</name>
			<title>Success delete</title>
			<description></description>
			<labels>
			</labels>
			<parameters>
			</parameters>
			<steps>
			</steps>
			<attachments>
			</attachments>
			<failure>
				<message>Failed: No element found using locator: By(css selector, .btn .btn-primary)</message>
				<stack-trace>NoSuchElementError: No element found using locator: By(css selector, .btn .btn-primary)
    at WebDriverError (/Users/aleksandrmedvedev/node_modules/selenium-webdriver/error.js:27:5)
    at NoSuchElementError (/Users/aleksandrmedvedev/node_modules/selenium-webdriver/error.js:230:5)
    at /Users/aleksandrmedvedev/node_modules/protractor/built/element.js:662:27
    at Promise.invokeCallback_ (/Users/aleksandrmedvedev/node_modules/selenium-webdriver/lib/promise.js:1329:14)
    at TaskQueue.execute_ (/Users/aleksandrmedvedev/node_modules/selenium-webdriver/lib/promise.js:2790:14)
    at TaskQueue.executeNext_ (/Users/aleksandrmedvedev/node_modules/selenium-webdriver/lib/promise.js:2773:21)
    at asyncRun (/Users/aleksandrmedvedev/node_modules/selenium-webdriver/lib/promise.js:2652:27)
    at /Users/aleksandrmedvedev/node_modules/selenium-webdriver/lib/promise.js:639:7
    at process._tickCallback (internal/process/next_tick.js:103:7)
Error
    at ElementArrayFinder.applyAction_ (/Users/aleksandrmedvedev/node_modules/protractor/built/element.js:371:27)
    at ElementArrayFinder._this.(anonymous function) [as click] (/Users/aleksandrmedvedev/node_modules/protractor/built/element.js:83:30)
    at ElementFinder._this.(anonymous function) [as click] (/Users/aleksandrmedvedev/node_modules/protractor/built/element.js:685:22)
    at that.removeUser (/Users/aleksandrmedvedev/Desktop/learn/e2e/test/protractor/pages/form.js:60:15)
    at /Users/aleksandrmedvedev/Desktop/learn/e2e/test/protractor/specs/userForm.spec.js:46:18
    at Promise.invokeCallback_ (/Users/aleksandrmedvedev/node_modules/selenium-webdriver/lib/promise.js:1329:14)
    at TaskQueue.execute_ (/Users/aleksandrmedvedev/node_modules/selenium-webdriver/lib/promise.js:2790:14)
    at TaskQueue.executeNext_ (/Users/aleksandrmedvedev/node_modules/selenium-webdriver/lib/promise.js:2773:21)
    at asyncRun (/Users/aleksandrmedvedev/node_modules/selenium-webdriver/lib/promise.js:2652:27)
    at /Users/aleksandrmedvedev/node_modules/selenium-webdriver/lib/promise.js:639:7
From: Task: Run it(&quot;Success delete&quot;) in control flow
    at Object.&lt;anonymous&gt; (/Users/aleksandrmedvedev/node_modules/jasminewd2/index.js:81:14)
    at attemptAsync (/Users/aleksandrmedvedev/node_modules/jasmine-core/lib/jasmine-core/jasmine.js:1916:24)
    at QueueRunner.run (/Users/aleksandrmedvedev/node_modules/jasmine-core/lib/jasmine-core/jasmine.js:1871:9)
    at /Users/aleksandrmedvedev/node_modules/jasmine-core/lib/jasmine-core/jasmine.js:1898:16
    at /Users/aleksandrmedvedev/node_modules/jasmine-core/lib/jasmine-core/jasmine.js:1842:9
    at /Users/aleksandrmedvedev/node_modules/jasminewd2/index.js:18:5
    at Promise.invokeCallback_ (/Users/aleksandrmedvedev/node_modules/selenium-webdriver/lib/promise.js:1329:14)
    at TaskQueue.execute_ (/Users/aleksandrmedvedev/node_modules/selenium-webdriver/lib/promise.js:2790:14)
    at TaskQueue.executeNext_ (/Users/aleksandrmedvedev/node_modules/selenium-webdriver/lib/promise.js:2773:21)
    at asyncRun (/Users/aleksandrmedvedev/node_modules/selenium-webdriver/lib/promise.js:2652:27)
From asynchronous test: 
Error
    at Suite.&lt;anonymous&gt; (/Users/aleksandrmedvedev/Desktop/learn/e2e/test/protractor/specs/userForm.spec.js:43:5)
    at addSpecsToSuite (/Users/aleksandrmedvedev/node_modules/jasmine-core/lib/jasmine-core/jasmine.js:833:25)
    at Env.describe (/Users/aleksandrmedvedev/node_modules/jasmine-core/lib/jasmine-core/jasmine.js:802:7)
    at jasmineInterface.describe (/Users/aleksandrmedvedev/node_modules/jasmine-core/lib/jasmine-core/jasmine.js:3375:18)
    at Object.&lt;anonymous&gt; (/Users/aleksandrmedvedev/Desktop/learn/e2e/test/protractor/specs/userForm.spec.js:9:1)
    at Module._compile (module.js:541:32)
    at Object.Module._extensions..js (module.js:550:10)
    at Module.load (module.js:456:32)
    at tryModuleLoad (module.js:415:12)</stack-trace>
			</failure>
		</test-case>
		<test-case start="1472975268378" stop="1472975268724" status="failed">
			<name>Success edit</name>
			<title>Success edit</title>
			<description></description>
			<labels>
			</labels>
			<parameters>
			</parameters>
			<steps>
			</steps>
			<attachments>
			</attachments>
			<failure>
				<message>Failed: Cannot read property &apos;sendKeys&apos; of undefined</message>
				<stack-trace>TypeError: Cannot read property &apos;sendKeys&apos; of undefined
    at that.fill (/Users/aleksandrmedvedev/Desktop/learn/e2e/test/protractor/pages/form.js:26:14)
    at that.editAndSubmitUserForm (/Users/aleksandrmedvedev/Desktop/learn/e2e/test/protractor/pages/form.js:43:14)
    at Object.&lt;anonymous&gt; (/Users/aleksandrmedvedev/Desktop/learn/e2e/test/protractor/specs/userForm.spec.js:58:21)
    at /Users/aleksandrmedvedev/node_modules/jasminewd2/index.js:96:23
    at new Promise (/Users/aleksandrmedvedev/node_modules/selenium-webdriver/lib/promise.js:1043:7)
    at controlFlowExecute (/Users/aleksandrmedvedev/node_modules/jasminewd2/index.js:82:18)
    at TaskQueue.execute_ (/Users/aleksandrmedvedev/node_modules/selenium-webdriver/lib/promise.js:2790:14)
    at TaskQueue.executeNext_ (/Users/aleksandrmedvedev/node_modules/selenium-webdriver/lib/promise.js:2773:21)
    at asyncRun (/Users/aleksandrmedvedev/node_modules/selenium-webdriver/lib/promise.js:2697:25)
    at /Users/aleksandrmedvedev/node_modules/selenium-webdriver/lib/promise.js:639:7
From: Task: Run it(&quot;Success edit&quot;) in control flow
    at Object.&lt;anonymous&gt; (/Users/aleksandrmedvedev/node_modules/jasminewd2/index.js:81:14)
    at attemptAsync (/Users/aleksandrmedvedev/node_modules/jasmine-core/lib/jasmine-core/jasmine.js:1916:24)
    at QueueRunner.run (/Users/aleksandrmedvedev/node_modules/jasmine-core/lib/jasmine-core/jasmine.js:1871:9)
    at /Users/aleksandrmedvedev/node_modules/jasmine-core/lib/jasmine-core/jasmine.js:1898:16
    at /Users/aleksandrmedvedev/node_modules/jasmine-core/lib/jasmine-core/jasmine.js:1842:9
    at /Users/aleksandrmedvedev/node_modules/jasminewd2/index.js:18:5
    at Promise.invokeCallback_ (/Users/aleksandrmedvedev/node_modules/selenium-webdriver/lib/promise.js:1329:14)
    at TaskQueue.execute_ (/Users/aleksandrmedvedev/node_modules/selenium-webdriver/lib/promise.js:2790:14)
    at TaskQueue.executeNext_ (/Users/aleksandrmedvedev/node_modules/selenium-webdriver/lib/promise.js:2773:21)
    at asyncRun (/Users/aleksandrmedvedev/node_modules/selenium-webdriver/lib/promise.js:2652:27)
From asynchronous test: 
Error
    at Suite.&lt;anonymous&gt; (/Users/aleksandrmedvedev/Desktop/learn/e2e/test/protractor/specs/userForm.spec.js:56:5)
    at addSpecsToSuite (/Users/aleksandrmedvedev/node_modules/jasmine-core/lib/jasmine-core/jasmine.js:833:25)
    at Env.describe (/Users/aleksandrmedvedev/node_modules/jasmine-core/lib/jasmine-core/jasmine.js:802:7)
    at jasmineInterface.describe (/Users/aleksandrmedvedev/node_modules/jasmine-core/lib/jasmine-core/jasmine.js:3375:18)
    at Object.&lt;anonymous&gt; (/Users/aleksandrmedvedev/Desktop/learn/e2e/test/protractor/specs/userForm.spec.js:9:1)
    at Module._compile (module.js:541:32)
    at Object.Module._extensions..js (module.js:550:10)
    at Module.load (module.js:456:32)
    at tryModuleLoad (module.js:415:12)</stack-trace>
			</failure>
		</test-case>
		<test-case start="1472975268725" stop="1472975269118" status="passed">
			<name>Show remove window</name>
			<title>Show remove window</title>
			<description></description>
			<labels>
			</labels>
			<parameters>
			</parameters>
			<steps>
			</steps>
			<attachments>
			</attachments>
		</test-case>
		<test-case start="1472975269118" stop="1472975269608" status="failed">
			<name>Close remove window</name>
			<title>Close remove window</title>
			<description></description>
			<labels>
			</labels>
			<parameters>
			</parameters>
			<steps>
			</steps>
			<attachments>
			</attachments>
			<failure>
				<message>Failed: No element found using locator: By(css selector, .btn .btn-warning)</message>
				<stack-trace>NoSuchElementError: No element found using locator: By(css selector, .btn .btn-warning)
    at WebDriverError (/Users/aleksandrmedvedev/node_modules/selenium-webdriver/error.js:27:5)
    at NoSuchElementError (/Users/aleksandrmedvedev/node_modules/selenium-webdriver/error.js:230:5)
    at /Users/aleksandrmedvedev/node_modules/protractor/built/element.js:662:27
    at Promise.invokeCallback_ (/Users/aleksandrmedvedev/node_modules/selenium-webdriver/lib/promise.js:1329:14)
    at TaskQueue.execute_ (/Users/aleksandrmedvedev/node_modules/selenium-webdriver/lib/promise.js:2790:14)
    at TaskQueue.executeNext_ (/Users/aleksandrmedvedev/node_modules/selenium-webdriver/lib/promise.js:2773:21)
    at asyncRun (/Users/aleksandrmedvedev/node_modules/selenium-webdriver/lib/promise.js:2652:27)
    at /Users/aleksandrmedvedev/node_modules/selenium-webdriver/lib/promise.js:639:7
    at process._tickCallback (internal/process/next_tick.js:103:7)
Error
    at ElementArrayFinder.applyAction_ (/Users/aleksandrmedvedev/node_modules/protractor/built/element.js:371:27)
    at ElementArrayFinder._this.(anonymous function) [as click] (/Users/aleksandrmedvedev/node_modules/protractor/built/element.js:83:30)
    at ElementFinder._this.(anonymous function) [as click] (/Users/aleksandrmedvedev/node_modules/protractor/built/element.js:685:22)
    at that.removeWindowIsClose (/Users/aleksandrmedvedev/Desktop/learn/e2e/test/protractor/pages/form.js:54:19)
    at Object.&lt;anonymous&gt; (/Users/aleksandrmedvedev/Desktop/learn/e2e/test/protractor/specs/userForm.spec.js:66:21)
    at /Users/aleksandrmedvedev/node_modules/jasminewd2/index.js:96:23
    at new Promise (/Users/aleksandrmedvedev/node_modules/selenium-webdriver/lib/promise.js:1043:7)
    at controlFlowExecute (/Users/aleksandrmedvedev/node_modules/jasminewd2/index.js:82:18)
    at TaskQueue.execute_ (/Users/aleksandrmedvedev/node_modules/selenium-webdriver/lib/promise.js:2790:14)
    at TaskQueue.executeNext_ (/Users/aleksandrmedvedev/node_modules/selenium-webdriver/lib/promise.js:2773:21)
From: Task: Run it(&quot;Close remove window&quot;) in control flow
    at Object.&lt;anonymous&gt; (/Users/aleksandrmedvedev/node_modules/jasminewd2/index.js:81:14)
    at attemptAsync (/Users/aleksandrmedvedev/node_modules/jasmine-core/lib/jasmine-core/jasmine.js:1916:24)
    at QueueRunner.run (/Users/aleksandrmedvedev/node_modules/jasmine-core/lib/jasmine-core/jasmine.js:1871:9)
    at /Users/aleksandrmedvedev/node_modules/jasmine-core/lib/jasmine-core/jasmine.js:1898:16
    at /Users/aleksandrmedvedev/node_modules/jasmine-core/lib/jasmine-core/jasmine.js:1842:9
    at /Users/aleksandrmedvedev/node_modules/jasminewd2/index.js:18:5
    at Promise.invokeCallback_ (/Users/aleksandrmedvedev/node_modules/selenium-webdriver/lib/promise.js:1329:14)
    at TaskQueue.execute_ (/Users/aleksandrmedvedev/node_modules/selenium-webdriver/lib/promise.js:2790:14)
    at TaskQueue.executeNext_ (/Users/aleksandrmedvedev/node_modules/selenium-webdriver/lib/promise.js:2773:21)
    at asyncRun (/Users/aleksandrmedvedev/node_modules/selenium-webdriver/lib/promise.js:2652:27)
From asynchronous test: 
Error
    at Suite.&lt;anonymous&gt; (/Users/aleksandrmedvedev/Desktop/learn/e2e/test/protractor/specs/userForm.spec.js:65:5)
    at addSpecsToSuite (/Users/aleksandrmedvedev/node_modules/jasmine-core/lib/jasmine-core/jasmine.js:833:25)
    at Env.describe (/Users/aleksandrmedvedev/node_modules/jasmine-core/lib/jasmine-core/jasmine.js:802:7)
    at jasmineInterface.describe (/Users/aleksandrmedvedev/node_modules/jasmine-core/lib/jasmine-core/jasmine.js:3375:18)
    at Object.&lt;anonymous&gt; (/Users/aleksandrmedvedev/Desktop/learn/e2e/test/protractor/specs/userForm.spec.js:9:1)
    at Module._compile (module.js:541:32)
    at Object.Module._extensions..js (module.js:550:10)
    at Module.load (module.js:456:32)
    at tryModuleLoad (module.js:415:12)</stack-trace>
			</failure>
		</test-case>
	</test-cases>
</ns2:test-suite>