<?xml version="1.0" encoding="UTF-8"?>
<ns2:test-suite xmlns:ns2="urn:model.allure.qatools.yandex.ru" start="1467805725399" stop="1467805728557">
	<name>Test user registration page</name>
	<title>Test user registration page</title>
	<test-cases>
		<test-case start="1467805725400" stop="1467805726907" status="passed">
			<name>Success creating</name>
			<title>Success creating</title>
			<description></description>
			<labels>
			</labels>
			<parameters>
			</parameters>
			<steps>
			</steps>
			<attachments>
			</attachments>
		</test-case>
		<test-case start="1467805726910" stop="1467805727788" status="passed">
			<name>Success not creating</name>
			<title>Success not creating</title>
			<description></description>
			<labels>
			</labels>
			<parameters>
			</parameters>
			<steps>
			</steps>
			<attachments>
			</attachments>
		</test-case>
		<test-case start="1467805727790" stop="1467805728150" status="failed">
			<name>Success not delete</name>
			<title>Success not delete</title>
			<description></description>
			<labels>
			</labels>
			<parameters>
			</parameters>
			<steps>
			</steps>
			<attachments>
			</attachments>
			<failure>
				<message>Failed: IndexPage.ok is not a function</message>
				<stack-trace>TypeError: IndexPage.ok is not a function
    at /Users/aleksandrmedvedev/Desktop/e2e/test/protractor/specs/userForm.spec.js:46:23
    at Promise.invokeCallback_ (/Users/aleksandrmedvedev/node_modules/selenium-webdriver/lib/promise.js:1329:14)
    at TaskQueue.execute_ (/Users/aleksandrmedvedev/node_modules/selenium-webdriver/lib/promise.js:2790:14)
    at TaskQueue.executeNext_ (/Users/aleksandrmedvedev/node_modules/selenium-webdriver/lib/promise.js:2773:21)
    at asyncRun (/Users/aleksandrmedvedev/node_modules/selenium-webdriver/lib/promise.js:2652:27)
    at /Users/aleksandrmedvedev/node_modules/selenium-webdriver/lib/promise.js:639:7
    at process._tickCallback (internal/process/next_tick.js:103:7)
From: Task: Run it(&quot;Success not delete&quot;) in control flow
    at Object.&lt;anonymous&gt; (/Users/aleksandrmedvedev/node_modules/jasminewd2/index.js:81:14)
    at attemptAsync (/Users/aleksandrmedvedev/node_modules/jasmine-core/lib/jasmine-core/jasmine.js:1916:24)
    at QueueRunner.run (/Users/aleksandrmedvedev/node_modules/jasmine-core/lib/jasmine-core/jasmine.js:1871:9)
    at /Users/aleksandrmedvedev/node_modules/jasmine-core/lib/jasmine-core/jasmine.js:1898:16
    at /Users/aleksandrmedvedev/node_modules/jasmine-core/lib/jasmine-core/jasmine.js:1842:9
    at /Users/aleksandrmedvedev/node_modules/jasminewd2/index.js:18:5
    at Promise.invokeCallback_ (/Users/aleksandrmedvedev/node_modules/selenium-webdriver/lib/promise.js:1329:14)
    at TaskQueue.execute_ (/Users/aleksandrmedvedev/node_modules/selenium-webdriver/lib/promise.js:2790:14)
    at TaskQueue.executeNext_ (/Users/aleksandrmedvedev/node_modules/selenium-webdriver/lib/promise.js:2773:21)
    at asyncRun (/Users/aleksandrmedvedev/node_modules/selenium-webdriver/lib/promise.js:2652:27)
From asynchronous test: 
Error
    at Suite.&lt;anonymous&gt; (/Users/aleksandrmedvedev/Desktop/e2e/test/protractor/specs/userForm.spec.js:42:5)
    at addSpecsToSuite (/Users/aleksandrmedvedev/node_modules/jasmine-core/lib/jasmine-core/jasmine.js:833:25)
    at Env.describe (/Users/aleksandrmedvedev/node_modules/jasmine-core/lib/jasmine-core/jasmine.js:802:7)
    at jasmineInterface.describe (/Users/aleksandrmedvedev/node_modules/jasmine-core/lib/jasmine-core/jasmine.js:3375:18)
    at Object.&lt;anonymous&gt; (/Users/aleksandrmedvedev/Desktop/e2e/test/protractor/specs/userForm.spec.js:8:1)
    at Module._compile (module.js:541:32)
    at Object.Module._extensions..js (module.js:550:10)
    at Module.load (module.js:456:32)
    at tryModuleLoad (module.js:415:12)</stack-trace>
			</failure>
		</test-case>
		<test-case start="1467805728152" stop="1467805728556" status="failed">
			<name>Success delete</name>
			<title>Success delete</title>
			<description></description>
			<labels>
			</labels>
			<parameters>
			</parameters>
			<steps>
			</steps>
			<attachments>
			</attachments>
			<failure>
				<message>Failed: IndexPage.ok is not a function</message>
				<stack-trace>TypeError: IndexPage.ok is not a function
    at /Users/aleksandrmedvedev/Desktop/e2e/test/protractor/specs/userForm.spec.js:60:23
    at Promise.invokeCallback_ (/Users/aleksandrmedvedev/node_modules/selenium-webdriver/lib/promise.js:1329:14)
    at TaskQueue.execute_ (/Users/aleksandrmedvedev/node_modules/selenium-webdriver/lib/promise.js:2790:14)
    at TaskQueue.executeNext_ (/Users/aleksandrmedvedev/node_modules/selenium-webdriver/lib/promise.js:2773:21)
    at asyncRun (/Users/aleksandrmedvedev/node_modules/selenium-webdriver/lib/promise.js:2652:27)
    at /Users/aleksandrmedvedev/node_modules/selenium-webdriver/lib/promise.js:639:7
    at process._tickCallback (internal/process/next_tick.js:103:7)
From: Task: Run it(&quot;Success delete&quot;) in control flow
    at Object.&lt;anonymous&gt; (/Users/aleksandrmedvedev/node_modules/jasminewd2/index.js:81:14)
    at attemptAsync (/Users/aleksandrmedvedev/node_modules/jasmine-core/lib/jasmine-core/jasmine.js:1916:24)
    at QueueRunner.run (/Users/aleksandrmedvedev/node_modules/jasmine-core/lib/jasmine-core/jasmine.js:1871:9)
    at /Users/aleksandrmedvedev/node_modules/jasmine-core/lib/jasmine-core/jasmine.js:1898:16
    at /Users/aleksandrmedvedev/node_modules/jasmine-core/lib/jasmine-core/jasmine.js:1842:9
    at /Users/aleksandrmedvedev/node_modules/jasminewd2/index.js:18:5
    at Promise.invokeCallback_ (/Users/aleksandrmedvedev/node_modules/selenium-webdriver/lib/promise.js:1329:14)
    at TaskQueue.execute_ (/Users/aleksandrmedvedev/node_modules/selenium-webdriver/lib/promise.js:2790:14)
    at TaskQueue.executeNext_ (/Users/aleksandrmedvedev/node_modules/selenium-webdriver/lib/promise.js:2773:21)
    at asyncRun (/Users/aleksandrmedvedev/node_modules/selenium-webdriver/lib/promise.js:2652:27)
From asynchronous test: 
Error
    at Suite.&lt;anonymous&gt; (/Users/aleksandrmedvedev/Desktop/e2e/test/protractor/specs/userForm.spec.js:56:5)
    at addSpecsToSuite (/Users/aleksandrmedvedev/node_modules/jasmine-core/lib/jasmine-core/jasmine.js:833:25)
    at Env.describe (/Users/aleksandrmedvedev/node_modules/jasmine-core/lib/jasmine-core/jasmine.js:802:7)
    at jasmineInterface.describe (/Users/aleksandrmedvedev/node_modules/jasmine-core/lib/jasmine-core/jasmine.js:3375:18)
    at Object.&lt;anonymous&gt; (/Users/aleksandrmedvedev/Desktop/e2e/test/protractor/specs/userForm.spec.js:8:1)
    at Module._compile (module.js:541:32)
    at Object.Module._extensions..js (module.js:550:10)
    at Module.load (module.js:456:32)
    at tryModuleLoad (module.js:415:12)</stack-trace>
			</failure>
		</test-case>
	</test-cases>
</ns2:test-suite>