<?xml version="1.0" encoding="UTF-8"?>
<ns2:test-suite xmlns:ns2="urn:model.allure.qatools.yandex.ru" start="1467793596769" stop="1467793617443">
	<name>Test user registration page</name>
	<title>Test user registration page</title>
	<test-cases>
		<test-case start="1467793596770" stop="1467793607181" status="failed">
			<name>Success creating</name>
			<title>Success creating</title>
			<description></description>
			<labels>
			</labels>
			<parameters>
			</parameters>
			<steps>
			</steps>
			<attachments>
			</attachments>
			<failure>
				<message>Failed: Angular could not be found on the page http://amarkusheuski:8080/TestAppExample/index : retries looking for angular exceeded</message>
				<stack-trace>Error: Angular could not be found on the page http://amarkusheuski:8080/TestAppExample/index : retries looking for angular exceeded
    at /Users/aleksandrmedvedev/node_modules/protractor/built/protractor.js:546:23
    at Promise.invokeCallback_ (/Users/aleksandrmedvedev/node_modules/selenium-webdriver/lib/promise.js:1329:14)
    at TaskQueue.execute_ (/Users/aleksandrmedvedev/node_modules/selenium-webdriver/lib/promise.js:2790:14)
    at TaskQueue.executeNext_ (/Users/aleksandrmedvedev/node_modules/selenium-webdriver/lib/promise.js:2773:21)
    at asyncRun (/Users/aleksandrmedvedev/node_modules/selenium-webdriver/lib/promise.js:2652:27)
    at /Users/aleksandrmedvedev/node_modules/selenium-webdriver/lib/promise.js:639:7
    at process._tickCallback (internal/process/next_tick.js:103:7)
From: Task: Run beforeEach in control flow
    at Object.&lt;anonymous&gt; (/Users/aleksandrmedvedev/node_modules/jasminewd2/index.js:81:14)
    at attemptAsync (/Users/aleksandrmedvedev/node_modules/jasmine-core/lib/jasmine-core/jasmine.js:1916:24)
    at QueueRunner.run (/Users/aleksandrmedvedev/node_modules/jasmine-core/lib/jasmine-core/jasmine.js:1871:9)
    at QueueRunner.execute (/Users/aleksandrmedvedev/node_modules/jasmine-core/lib/jasmine-core/jasmine.js:1859:10)
    at Spec.Env.queueRunnerFactory (/Users/aleksandrmedvedev/node_modules/jasmine-core/lib/jasmine-core/jasmine.js:697:35)
    at Spec.execute (/Users/aleksandrmedvedev/node_modules/jasmine-core/lib/jasmine-core/jasmine.js:359:10)
    at Object.fn (/Users/aleksandrmedvedev/node_modules/jasmine-core/lib/jasmine-core/jasmine.js:2479:37)
    at attemptAsync (/Users/aleksandrmedvedev/node_modules/jasmine-core/lib/jasmine-core/jasmine.js:1916:24)
    at QueueRunner.run (/Users/aleksandrmedvedev/node_modules/jasmine-core/lib/jasmine-core/jasmine.js:1871:9)
    at QueueRunner.execute (/Users/aleksandrmedvedev/node_modules/jasmine-core/lib/jasmine-core/jasmine.js:1859:10)
From asynchronous test: 
Error
    at Suite.&lt;anonymous&gt; (/Users/aleksandrmedvedev/Downloads/e2e/test/protractor/specs/userForm.spec.js:12:5)
    at addSpecsToSuite (/Users/aleksandrmedvedev/node_modules/jasmine-core/lib/jasmine-core/jasmine.js:833:25)
    at Env.describe (/Users/aleksandrmedvedev/node_modules/jasmine-core/lib/jasmine-core/jasmine.js:802:7)
    at jasmineInterface.describe (/Users/aleksandrmedvedev/node_modules/jasmine-core/lib/jasmine-core/jasmine.js:3375:18)
    at Object.&lt;anonymous&gt; (/Users/aleksandrmedvedev/Downloads/e2e/test/protractor/specs/userForm.spec.js:8:1)
    at Module._compile (module.js:541:32)
    at Object.Module._extensions..js (module.js:550:10)
    at Module.load (module.js:456:32)
    at tryModuleLoad (module.js:415:12)</stack-trace>
			</failure>
		</test-case>
		<test-case start="1467793607184" stop="1467793617442" status="failed">
			<name>Success not creating</name>
			<title>Success not creating</title>
			<description></description>
			<labels>
			</labels>
			<parameters>
			</parameters>
			<steps>
			</steps>
			<attachments>
			</attachments>
			<failure>
				<message>Failed: Angular could not be found on the page http://amarkusheuski:8080/TestAppExample/index : retries looking for angular exceeded</message>
				<stack-trace>Error: Angular could not be found on the page http://amarkusheuski:8080/TestAppExample/index : retries looking for angular exceeded
    at /Users/aleksandrmedvedev/node_modules/protractor/built/protractor.js:546:23
    at Promise.invokeCallback_ (/Users/aleksandrmedvedev/node_modules/selenium-webdriver/lib/promise.js:1329:14)
    at TaskQueue.execute_ (/Users/aleksandrmedvedev/node_modules/selenium-webdriver/lib/promise.js:2790:14)
    at TaskQueue.executeNext_ (/Users/aleksandrmedvedev/node_modules/selenium-webdriver/lib/promise.js:2773:21)
    at asyncRun (/Users/aleksandrmedvedev/node_modules/selenium-webdriver/lib/promise.js:2652:27)
    at /Users/aleksandrmedvedev/node_modules/selenium-webdriver/lib/promise.js:639:7
    at process._tickCallback (internal/process/next_tick.js:103:7)
From: Task: Run beforeEach in control flow
    at Object.&lt;anonymous&gt; (/Users/aleksandrmedvedev/node_modules/jasminewd2/index.js:81:14)
    at attemptAsync (/Users/aleksandrmedvedev/node_modules/jasmine-core/lib/jasmine-core/jasmine.js:1916:24)
    at QueueRunner.run (/Users/aleksandrmedvedev/node_modules/jasmine-core/lib/jasmine-core/jasmine.js:1871:9)
    at QueueRunner.execute (/Users/aleksandrmedvedev/node_modules/jasmine-core/lib/jasmine-core/jasmine.js:1859:10)
    at Spec.Env.queueRunnerFactory (/Users/aleksandrmedvedev/node_modules/jasmine-core/lib/jasmine-core/jasmine.js:697:35)
    at Spec.execute (/Users/aleksandrmedvedev/node_modules/jasmine-core/lib/jasmine-core/jasmine.js:359:10)
    at Object.fn (/Users/aleksandrmedvedev/node_modules/jasmine-core/lib/jasmine-core/jasmine.js:2479:37)
    at attemptAsync (/Users/aleksandrmedvedev/node_modules/jasmine-core/lib/jasmine-core/jasmine.js:1916:24)
    at QueueRunner.run (/Users/aleksandrmedvedev/node_modules/jasmine-core/lib/jasmine-core/jasmine.js:1871:9)
    at /Users/aleksandrmedvedev/node_modules/jasmine-core/lib/jasmine-core/jasmine.js:1898:16
From asynchronous test: 
Error
    at Suite.&lt;anonymous&gt; (/Users/aleksandrmedvedev/Downloads/e2e/test/protractor/specs/userForm.spec.js:12:5)
    at addSpecsToSuite (/Users/aleksandrmedvedev/node_modules/jasmine-core/lib/jasmine-core/jasmine.js:833:25)
    at Env.describe (/Users/aleksandrmedvedev/node_modules/jasmine-core/lib/jasmine-core/jasmine.js:802:7)
    at jasmineInterface.describe (/Users/aleksandrmedvedev/node_modules/jasmine-core/lib/jasmine-core/jasmine.js:3375:18)
    at Object.&lt;anonymous&gt; (/Users/aleksandrmedvedev/Downloads/e2e/test/protractor/specs/userForm.spec.js:8:1)
    at Module._compile (module.js:541:32)
    at Object.Module._extensions..js (module.js:550:10)
    at Module.load (module.js:456:32)
    at tryModuleLoad (module.js:415:12)</stack-trace>
			</failure>
		</test-case>
	</test-cases>
</ns2:test-suite>